<?xml version="1.0" encoding="UTF-8"?>
<testsuite name="dsbdp.test.dsl-main" errors="0" failures="0" tests="4" time="0.3769" timestamp="2019-04-09_21:24:14+0200">
    <testcase name="process-binary-file" classname="dsbdp.test.dsl-main" time="0.1944">
    </testcase>
    <testcase name="show-dsl-test" classname="dsbdp.test.dsl-main" time="0.0692">
    </testcase>
    <testcase name="process-hex-string" classname="dsbdp.test.dsl-main" time="0.0784">
    </testcase>
    <testcase name="load-dsl-test" classname="dsbdp.test.dsl-main" time="0.0328">
    </testcase>
    <system-err>
    </system-err>
    <system-out>
    </system-out>
    <properties>
[...]
</properties>
</testsuite>
