<?xml version="1.0" encoding="UTF-8"?>
<testsuite name="dsbdp.test.data-processing-dsl-tests" errors="0" failures="0" tests="35" time="0.2297" timestamp="2019-04-09_21:24:13+0200">
    <testcase name="byte-array-packet-to-nested-java-map-test" classname="dsbdp.test.data-processing-dsl-tests" time="0.0041">
    </testcase>
    <testcase name="incremental-byte-array-to-json-str-test" classname="dsbdp.test.data-processing-dsl-tests" time="0.0052">
    </testcase>
    <testcase name="byte-array-to-java-map-with-additional-operation-and-two-data-values-test" classname="dsbdp.test.data-processing-dsl-tests" time="0.0046">
    </testcase>
    <testcase name="nested-tcp-byte-array-packet-test-1" classname="dsbdp.test.data-processing-dsl-tests" time="0.0060">
    </testcase>
    <testcase name="input-to-str-test" classname="dsbdp.test.data-processing-dsl-tests" time="0.0110">
    </testcase>
    <testcase name="pcap-file-nested-packet-sequence-processing-to-java-map-test-1" classname="dsbdp.test.data-processing-dsl-tests" time="0.0204">
    </testcase>
    <testcase name="byte-array-to-clj-map-test" classname="dsbdp.test.data-processing-dsl-tests" time="0.0028">
    </testcase>
    <testcase name="byte-array-to-csv-str-test" classname="dsbdp.test.data-processing-dsl-tests" time="0.0030">
    </testcase>
    <testcase name="simple-combination-of-extracted-fields-test" classname="dsbdp.test.data-processing-dsl-tests" time="0.0031">
    </testcase>
    <testcase name="nested-udp-and-tcp-byte-array-packet-clj-map-test-1" classname="dsbdp.test.data-processing-dsl-tests" time="0.0109">
    </testcase>
    <testcase name="byte-array-packet-to-nested-clj-map-test" classname="dsbdp.test.data-processing-dsl-tests" time="0.0054">
    </testcase>
    <testcase name="output-type-defaults-to-java-map-test" classname="dsbdp.test.data-processing-dsl-tests" time="0.0061">
    </testcase>
    <testcase name="incremental-byte-array-to-clj-map-test" classname="dsbdp.test.data-processing-dsl-tests" time="0.0025">
    </testcase>
    <testcase name="byte-array-packet-to-nested-json-str-test" classname="dsbdp.test.data-processing-dsl-tests" time="0.0146">
    </testcase>
    <testcase name="byte-array-to-java-map-test" classname="dsbdp.test.data-processing-dsl-tests" time="0.0037">
    </testcase>
    <testcase name="nested-udp-byte-array-packet-test-1" classname="dsbdp.test.data-processing-dsl-tests" time="0.0050">
    </testcase>
    <testcase name="pcap-file-nested-packet-sequence-processing-test-1" classname="dsbdp.test.data-processing-dsl-tests" time="0.0045">
    </testcase>
    <testcase name="byte-array-to-clj-map-sequence-with-flat-stored-offset-test" classname="dsbdp.test.data-processing-dsl-tests" time="0.0058">
    </testcase>
    <testcase name="byte-array-to-java-map-with-additional-operation-test" classname="dsbdp.test.data-processing-dsl-tests" time="0.0036">
    </testcase>
    <testcase name="byte-array-to-java-map-sequence-with-flat-stored-offset-test" classname="dsbdp.test.data-processing-dsl-tests" time="0.0094">
    </testcase>
    <testcase name="byte-array-to-clj-map-with-flat-stored-offset-test" classname="dsbdp.test.data-processing-dsl-tests" time="0.0033">
    </testcase>
    <testcase name="clojure-map-to-java-map-with-additional-operation-and-two-data-values-test" classname="dsbdp.test.data-processing-dsl-tests" time="0.0024">
    </testcase>
    <testcase name="nested-udp-and-tcp-byte-array-packet-java-map-test-1" classname="dsbdp.test.data-processing-dsl-tests" time="0.0057">
    </testcase>
    <testcase name="byte-array-to-json-str-test" classname="dsbdp.test.data-processing-dsl-tests" time="0.0031">
    </testcase>
    <testcase name="incremental-byte-array-to-csv-str-test" classname="dsbdp.test.data-processing-dsl-tests" time="0.0032">
    </testcase>
    <testcase name="clojure-vector-to-java-map-with-additional-operation-and-two-data-values-test" classname="dsbdp.test.data-processing-dsl-tests" time="0.0048">
    </testcase>
    <testcase name="clojure-list-to-java-map-with-additional-operation-and-two-data-values-test" classname="dsbdp.test.data-processing-dsl-tests" time="0.0045">
    </testcase>
    <testcase name="simple-documenation-example-test-1" classname="dsbdp.test.data-processing-dsl-tests" time="0.0149">
    </testcase>
    <testcase name="byte-array-to-json-str-qm-test" classname="dsbdp.test.data-processing-dsl-tests" time="0.0046">
    </testcase>
    <testcase name="byte-array-to-java-map-with-additional-operation-and-float-type-test" classname="dsbdp.test.data-processing-dsl-tests" time="0.0051">
    </testcase>
    <testcase name="java-map-to-java-map-with-additional-operation-and-two-data-values-test" classname="dsbdp.test.data-processing-dsl-tests" time="0.0041">
    </testcase>
    <testcase name="java-list-to-java-map-with-additional-operation-and-two-data-values-test" classname="dsbdp.test.data-processing-dsl-tests" time="0.0042">
    </testcase>
    <testcase name="incremental-byte-array-to-java-map-test" classname="dsbdp.test.data-processing-dsl-tests" time="0.0028">
    </testcase>
    <testcase name="pcap-file-nested-packet-sequence-processing-with-cond-test-1" classname="dsbdp.test.data-processing-dsl-tests" time="0.0094">
    </testcase>
    <testcase name="byte-array-to-csv-str-qm-test" classname="dsbdp.test.data-processing-dsl-tests" time="0.0034">
    </testcase>
    <system-err>
    </system-err>
    <system-out>
Unknown output type:32this-is-no-supported-output-type
Defaulting to :java-map as output type.
    </system-out>
    <properties>
[...]
</properties>
</testsuite>
