<?xml version="1.0" encoding="UTF-8" ?>
<testsuites>
  <testsuite errors="0" failures="0" id="0" name="byte-array-conversion-tests" package="dsbdp.test" tests="20" time="0.0377" timestamp="2019-04-09_21:24:13+0200">
        <testcase classname="dsbdp.test.byte-array-conversion-tests" name="int32-conversion-test" time="0.0022">
    </testcase>

        <testcase classname="dsbdp.test.byte-array-conversion-tests" name="int16-conversion-test" time="0.0007">
    </testcase>

        <testcase classname="dsbdp.test.byte-array-conversion-tests" name="int4l-conversion-test" time="0.0005">
    </testcase>

        <testcase classname="dsbdp.test.byte-array-conversion-tests" name="timestamp-be-conversion-test" time="0.0005">
    </testcase>

        <testcase classname="dsbdp.test.byte-array-conversion-tests" name="int32be-conversion-test" time="0.0005">
    </testcase>

        <testcase classname="dsbdp.test.byte-array-conversion-tests" name="eth-mac-addr-str-conversion-test-1" time="0.0005">
    </testcase>

        <testcase classname="dsbdp.test.byte-array-conversion-tests" name="timestamp-str-conversion-test" time="0.0014">
    </testcase>

        <testcase classname="dsbdp.test.byte-array-conversion-tests" name="timestamp-str-be-conversion-test" time="0.0007">
    </testcase>

        <testcase classname="dsbdp.test.byte-array-conversion-tests" name="int8-conversion-test" time="0.0005">
    </testcase>

        <testcase classname="dsbdp.test.byte-array-conversion-tests" name="timestamp-conversion-test" time="0.0005">
    </testcase>

        <testcase classname="dsbdp.test.byte-array-conversion-tests" name="eth-mac-addr-str-conversion-test-2" time="0.0004">
    </testcase>

        <testcase classname="dsbdp.test.byte-array-conversion-tests" name="int-to-byte-test-1" time="0.0004">
    </testcase>

        <testcase classname="dsbdp.test.byte-array-conversion-tests" name="int4h-conversion-test" time="0.0004">
    </testcase>

        <testcase classname="dsbdp.test.byte-array-conversion-tests" name="ipv4-addr-str-conversion-test-1" time="0.0006">
    </testcase>

        <testcase classname="dsbdp.test.byte-array-conversion-tests" name="int-to-byte-test-5" time="0.0005">
    </testcase>

        <testcase classname="dsbdp.test.byte-array-conversion-tests" name="int16be-conversion-test" time="0.0014">
    </testcase>

        <testcase classname="dsbdp.test.byte-array-conversion-tests" name="int-to-byte-test-4" time="0.0008">
    </testcase>

        <testcase classname="dsbdp.test.byte-array-conversion-tests" name="ipv4-addr-str-conversion-test-2" time="0.0008">
    </testcase>

        <testcase classname="dsbdp.test.byte-array-conversion-tests" name="int-to-byte-test-3" time="0.0009">
    </testcase>

        <testcase classname="dsbdp.test.byte-array-conversion-tests" name="int-to-byte-test-2" time="0.0012">
    </testcase>

        <system-err>
    </system-err>

        <system-out>
    </system-out>

        <properties>
[...]
</properties>

  </testsuite>
  <testsuite errors="0" failures="0" id="1" name="counter-tests" package="dsbdp.test" tests="2" time="0.0063" timestamp="2017-10-02_20:52:49+0200">
        <testcase classname="dsbdp.test.counter-tests" name="simple-counter-reset-test" time="0.0021">
    </testcase>

        <testcase classname="dsbdp.test.counter-tests" name="simple-counter-increment-test" time="0.0024">
    </testcase>

        <system-err>
    </system-err>

        <system-out>
    </system-out>

        <properties>
[...]
</properties>

  </testsuite>
  <testsuite errors="0" failures="0" id="2" name="data-processing-dsl-java-interop-tests" package="dsbdp.test" tests="6" time="0.0850" timestamp="2019-04-09_21:24:13+0200">
        <testcase classname="dsbdp.test.data-processing-dsl-java-interop-tests" name="byte-array-to-clj-map-test" time="0.0172">
    </testcase>

        <testcase classname="dsbdp.test.data-processing-dsl-java-interop-tests" name="byte-array-to-csv-str-test" time="0.0043">
    </testcase>

        <testcase classname="dsbdp.test.data-processing-dsl-java-interop-tests" name="byte-array-to-java-map-test" time="0.0030">
    </testcase>

        <testcase classname="dsbdp.test.data-processing-dsl-java-interop-tests" name="byte-array-to-json-str-test" time="0.0071">
    </testcase>

        <testcase classname="dsbdp.test.data-processing-dsl-java-interop-tests" name="simple-documenation-example-test-2-from-string" time="0.0253">
    </testcase>

        <testcase classname="dsbdp.test.data-processing-dsl-java-interop-tests" name="simple-documenation-example-test-1" time="0.0232">
    </testcase>

        <system-err>
    </system-err>

        <system-out>
    </system-out>

        <properties>
[...]
</properties>

  </testsuite>
  <testsuite errors="0" failures="0" id="3" name="data-processing-dsl-tests" package="dsbdp.test" tests="35" time="0.2297" timestamp="2019-04-09_21:24:13+0200">
        <testcase classname="dsbdp.test.data-processing-dsl-tests" name="byte-array-packet-to-nested-java-map-test" time="0.0041">
    </testcase>

        <testcase classname="dsbdp.test.data-processing-dsl-tests" name="incremental-byte-array-to-json-str-test" time="0.0052">
    </testcase>

        <testcase classname="dsbdp.test.data-processing-dsl-tests" name="byte-array-to-java-map-with-additional-operation-and-two-data-values-test" time="0.0046">
    </testcase>

        <testcase classname="dsbdp.test.data-processing-dsl-tests" name="nested-tcp-byte-array-packet-test-1" time="0.0060">
    </testcase>

        <testcase classname="dsbdp.test.data-processing-dsl-tests" name="input-to-str-test" time="0.0110">
    </testcase>

        <testcase classname="dsbdp.test.data-processing-dsl-tests" name="pcap-file-nested-packet-sequence-processing-to-java-map-test-1" time="0.0204">
    </testcase>

        <testcase classname="dsbdp.test.data-processing-dsl-tests" name="byte-array-to-clj-map-test" time="0.0028">
    </testcase>

        <testcase classname="dsbdp.test.data-processing-dsl-tests" name="byte-array-to-csv-str-test" time="0.0030">
    </testcase>

        <testcase classname="dsbdp.test.data-processing-dsl-tests" name="simple-combination-of-extracted-fields-test" time="0.0031">
    </testcase>

        <testcase classname="dsbdp.test.data-processing-dsl-tests" name="nested-udp-and-tcp-byte-array-packet-clj-map-test-1" time="0.0109">
    </testcase>

        <testcase classname="dsbdp.test.data-processing-dsl-tests" name="byte-array-packet-to-nested-clj-map-test" time="0.0054">
    </testcase>

        <testcase classname="dsbdp.test.data-processing-dsl-tests" name="output-type-defaults-to-java-map-test" time="0.0061">
    </testcase>

        <testcase classname="dsbdp.test.data-processing-dsl-tests" name="incremental-byte-array-to-clj-map-test" time="0.0025">
    </testcase>

        <testcase classname="dsbdp.test.data-processing-dsl-tests" name="byte-array-packet-to-nested-json-str-test" time="0.0146">
    </testcase>

        <testcase classname="dsbdp.test.data-processing-dsl-tests" name="byte-array-to-java-map-test" time="0.0037">
    </testcase>

        <testcase classname="dsbdp.test.data-processing-dsl-tests" name="nested-udp-byte-array-packet-test-1" time="0.0050">
    </testcase>

        <testcase classname="dsbdp.test.data-processing-dsl-tests" name="pcap-file-nested-packet-sequence-processing-test-1" time="0.0045">
    </testcase>

        <testcase classname="dsbdp.test.data-processing-dsl-tests" name="byte-array-to-clj-map-sequence-with-flat-stored-offset-test" time="0.0058">
    </testcase>

        <testcase classname="dsbdp.test.data-processing-dsl-tests" name="byte-array-to-java-map-with-additional-operation-test" time="0.0036">
    </testcase>

        <testcase classname="dsbdp.test.data-processing-dsl-tests" name="byte-array-to-java-map-sequence-with-flat-stored-offset-test" time="0.0094">
    </testcase>

        <testcase classname="dsbdp.test.data-processing-dsl-tests" name="byte-array-to-clj-map-with-flat-stored-offset-test" time="0.0033">
    </testcase>

        <testcase classname="dsbdp.test.data-processing-dsl-tests" name="clojure-map-to-java-map-with-additional-operation-and-two-data-values-test" time="0.0024">
    </testcase>

        <testcase classname="dsbdp.test.data-processing-dsl-tests" name="nested-udp-and-tcp-byte-array-packet-java-map-test-1" time="0.0057">
    </testcase>

        <testcase classname="dsbdp.test.data-processing-dsl-tests" name="byte-array-to-json-str-test" time="0.0031">
    </testcase>

        <testcase classname="dsbdp.test.data-processing-dsl-tests" name="incremental-byte-array-to-csv-str-test" time="0.0032">
    </testcase>

        <testcase classname="dsbdp.test.data-processing-dsl-tests" name="clojure-vector-to-java-map-with-additional-operation-and-two-data-values-test" time="0.0048">
    </testcase>

        <testcase classname="dsbdp.test.data-processing-dsl-tests" name="clojure-list-to-java-map-with-additional-operation-and-two-data-values-test" time="0.0045">
    </testcase>

        <testcase classname="dsbdp.test.data-processing-dsl-tests" name="simple-documenation-example-test-1" time="0.0149">
    </testcase>

        <testcase classname="dsbdp.test.data-processing-dsl-tests" name="byte-array-to-json-str-qm-test" time="0.0046">
    </testcase>

        <testcase classname="dsbdp.test.data-processing-dsl-tests" name="byte-array-to-java-map-with-additional-operation-and-float-type-test" time="0.0051">
    </testcase>

        <testcase classname="dsbdp.test.data-processing-dsl-tests" name="java-map-to-java-map-with-additional-operation-and-two-data-values-test" time="0.0041">
    </testcase>

        <testcase classname="dsbdp.test.data-processing-dsl-tests" name="java-list-to-java-map-with-additional-operation-and-two-data-values-test" time="0.0042">
    </testcase>

        <testcase classname="dsbdp.test.data-processing-dsl-tests" name="incremental-byte-array-to-java-map-test" time="0.0028">
    </testcase>

        <testcase classname="dsbdp.test.data-processing-dsl-tests" name="pcap-file-nested-packet-sequence-processing-with-cond-test-1" time="0.0094">
    </testcase>

        <testcase classname="dsbdp.test.data-processing-dsl-tests" name="byte-array-to-csv-str-qm-test" time="0.0034">
    </testcase>

        <system-err>
    </system-err>

        <system-out>
Unknown output type:32this-is-no-supported-output-type
Defaulting to :java-map as output type.
    </system-out>

        <properties>
[...]
</properties>

  </testsuite>
  <testsuite errors="0" failures="0" id="4" name="dsl-main" package="dsbdp.test" tests="4" time="0.3769" timestamp="2019-04-09_21:24:14+0200">
        <testcase classname="dsbdp.test.dsl-main" name="process-binary-file" time="0.1944">
    </testcase>

        <testcase classname="dsbdp.test.dsl-main" name="show-dsl-test" time="0.0692">
    </testcase>

        <testcase classname="dsbdp.test.dsl-main" name="process-hex-string" time="0.0784">
    </testcase>

        <testcase classname="dsbdp.test.dsl-main" name="load-dsl-test" time="0.0328">
    </testcase>

        <system-err>
    </system-err>

        <system-out>
    </system-out>

        <properties>
[...]
</properties>

  </testsuite>
  <testsuite errors="1" failures="0" id="5" name="experiment-helper-tests" package="dsbdp.test" tests="8" time="0.1829" timestamp="2017-10-02_20:52:50+0200">
        <testcase classname="dsbdp.test.experiment-helper-tests" name="create-hashmap-inc-put-proc-fns-test" time="0.1026">
          <error message="Uncaught exception, not in assertion.">expected: nil
  actual: clojure.lang.Compiler$CompilerException: clojure.lang.ArityException: Wrong number of args (4) passed to: core/apply-junit-output-hook/fn--253/fn--254, compiling:(/tmp/form-init5299198040654132120.clj:1:6512)
 at clojure.lang.Compiler.analyzeSeq (Compiler.java:6875)
    clojure.lang.Compiler.analyze (Compiler.java:6669)
    clojure.lang.Compiler.analyzeSeq (Compiler.java:6856)
    clojure.lang.Compiler.analyze (Compiler.java:6669)
    clojure.lang.Compiler.analyze (Compiler.java:6625)
    clojure.lang.Compiler$HostExpr$Parser.parse (Compiler.java:1009)
    clojure.lang.Compiler.analyzeSeq (Compiler.java:6868)
    clojure.lang.Compiler.analyze (Compiler.java:6669)
    clojure.lang.Compiler.analyze (Compiler.java:6625)
    clojure.lang.Compiler.analyzeSeq (Compiler.java:6863)
    clojure.lang.Compiler.analyze (Compiler.java:6669)
    clojure.lang.Compiler.analyze (Compiler.java:6625)
    clojure.lang.Compiler$HostExpr$Parser.parse (Compiler.java:1009)
    clojure.lang.Compiler.analyzeSeq (Compiler.java:6868)
    clojure.lang.Compiler.analyze (Compiler.java:6669)
    clojure.lang.Compiler.analyzeSeq (Compiler.java:6856)
    clojure.lang.Compiler.analyze (Compiler.java:6669)
    clojure.lang.Compiler.analyze (Compiler.java:6625)
    clojure.lang.Compiler$BodyExpr$Parser.parse (Compiler.java:6001)
    clojure.lang.Compiler$FnMethod.parse (Compiler.java:5380)
    clojure.lang.Compiler$FnExpr.parse (Compiler.java:3972)
    clojure.lang.Compiler.analyzeSeq (Compiler.java:6866)
    clojure.lang.Compiler.analyze (Compiler.java:6669)
    clojure.lang.Compiler.analyze (Compiler.java:6625)
    clojure.lang.Compiler$BodyExpr$Parser.parse (Compiler.java:6001)
    clojure.lang.Compiler$FnMethod.parse (Compiler.java:5380)
    clojure.lang.Compiler$FnExpr.parse (Compiler.java:3972)
    clojure.lang.Compiler.analyzeSeq (Compiler.java:6866)
    clojure.lang.Compiler.analyze (Compiler.java:6669)
    clojure.lang.Compiler.eval (Compiler.java:6924)
    clojure.lang.Compiler.eval (Compiler.java:6890)
    clojure.core$eval.invokeStatic (core.clj:3105)
    clojure.core$eval.invoke (core.clj:3101)
    clojure.core$map$fn__4785.invoke (core.clj:2644)
    clojure.lang.LazySeq.sval (LazySeq.java:40)
    clojure.lang.LazySeq.seq (LazySeq.java:49)
    clojure.lang.RT.seq (RT.java:521)
    clojure.lang.LazilyPersistentVector.create (LazilyPersistentVector.java:44)
    clojure.core$vec.invokeStatic (core.clj:377)
    clojure.core$vec.invoke (core.clj:367)
    dsbdp.processing_fn_utils$create_proc_fn_vec_from_template.invokeStatic (processing_fn_utils.clj:30)
    dsbdp.processing_fn_utils$create_proc_fn_vec_from_template.invoke (processing_fn_utils.clj:17)
    dsbdp.experiment_helper$create_hashmap_inc_put_proc_fns.invokeStatic (experiment_helper.clj:90)
    dsbdp.experiment_helper$create_hashmap_inc_put_proc_fns.invoke (experiment_helper.clj:85)
    dsbdp.test.experiment_helper_tests$fn__1096.invokeStatic (experiment_helper_tests.clj:36)
    dsbdp.test.experiment_helper_tests/fn (experiment_helper_tests.clj:35)
    clojure.test$test_var$fn__7983.invoke (test.clj:716)
    clojure.test$test_var.invokeStatic (test.clj:716)
    clojure.test$test_var.invoke (test.clj:707)
    clojure.test$test_vars$fn__8005$fn__8010.invoke (test.clj:734)
    clojure.test$default_fixture.invokeStatic (test.clj:686)
    clojure.test$default_fixture.invoke (test.clj:682)
    clojure.test$test_vars$fn__8005.invoke (test.clj:734)
    clojure.test$default_fixture.invokeStatic (test.clj:686)
    clojure.test$default_fixture.invoke (test.clj:682)
    clojure.test$test_vars.invokeStatic (test.clj:730)
    clojure.test$test_all_vars.invokeStatic (test.clj:736)
    clojure.test$test_ns.invokeStatic (test.clj:757)
    clojure.test$test_ns.invoke (test.clj:742)
    clojure.lang.AFn.applyToHelper (AFn.java:154)
    clojure.lang.AFn.applyTo (AFn.java:144)
    clojure.core$apply.invokeStatic (core.clj:646)
    clojure.core$apply.invoke (core.clj:641)
    test2junit.core$apply_junit_output_hook$fn__253$fn__264$fn__275$fn__276.invoke (core.clj:53)
    test2junit.core$apply_junit_output_hook$fn__253$fn__264$fn__275.invoke (core.clj:52)
    test2junit.core$apply_junit_output_hook$fn__253$fn__264.invoke (core.clj:51)
    test2junit.core$apply_junit_output_hook$fn__253.doInvoke (core.clj:51)
    clojure.lang.RestFn.applyTo (RestFn.java:139)
    clojure.core$apply.invokeStatic (core.clj:648)
    clojure.core$apply.invoke (core.clj:641)
    robert.hooke$compose_hooks$fn__31.doInvoke (hooke.clj:40)
    clojure.lang.RestFn.applyTo (RestFn.java:137)
    clojure.core$apply.invokeStatic (core.clj:646)
    clojure.core$apply.invoke (core.clj:641)
    robert.hooke$run_hooks.invokeStatic (hooke.clj:46)
    robert.hooke$run_hooks.invoke (hooke.clj:45)
    robert.hooke$prepare_for_hooks$fn__36$fn__37.doInvoke (hooke.clj:54)
    clojure.lang.RestFn.applyTo (RestFn.java:137)
    clojure.lang.AFunction$1.doInvoke (AFunction.java:29)
    clojure.lang.RestFn.invoke (RestFn.java:408)
    user$eval377$fn__428.invoke (form-init5299198040654132120.clj:1)
    clojure.lang.AFn.applyToHelper (AFn.java:156)
    clojure.lang.AFn.applyTo (AFn.java:144)
    clojure.core$apply.invokeStatic (core.clj:648)
    clojure.core$apply.invoke (core.clj:641)
    leiningen.core.injected$compose_hooks$fn__311.doInvoke (form-init5299198040654132120.clj:1)
    clojure.lang.RestFn.applyTo (RestFn.java:137)
    clojure.core$apply.invokeStatic (core.clj:646)
    clojure.core$apply.invoke (core.clj:641)
    leiningen.core.injected$run_hooks.invokeStatic (form-init5299198040654132120.clj:1)
    leiningen.core.injected$run_hooks.invoke (form-init5299198040654132120.clj:1)
    leiningen.core.injected$prepare_for_hooks$fn__316$fn__317.doInvoke (form-init5299198040654132120.clj:1)
    clojure.lang.RestFn.applyTo (RestFn.java:137)
    clojure.lang.AFunction$1.doInvoke (AFunction.java:29)
    clojure.lang.RestFn.invoke (RestFn.java:408)
    clojure.core$map$fn__4785.invoke (core.clj:2646)
    clojure.lang.LazySeq.sval (LazySeq.java:40)
    clojure.lang.LazySeq.seq (LazySeq.java:49)
    clojure.lang.Cons.next (Cons.java:39)
    clojure.lang.RT.next (RT.java:688)
    clojure.core$next__4341.invokeStatic (core.clj:64)
    clojure.core$reduce1.invokeStatic (core.clj:925)
    clojure.core$reduce1.invokeStatic (core.clj:915)
    clojure.core$merge_with.invokeStatic (core.clj:2950)
    clojure.core$merge_with.doInvoke (core.clj:2942)
    clojure.lang.RestFn.applyTo (RestFn.java:139)
    clojure.core$apply.invokeStatic (core.clj:648)
    clojure.test$run_tests.invokeStatic (test.clj:767)
    clojure.test$run_tests.doInvoke (test.clj:767)
    clojure.lang.RestFn.applyTo (RestFn.java:137)
    clojure.core$apply.invokeStatic (core.clj:646)
    clojure.core$apply.invoke (core.clj:641)
    user$eval377$fn__440$fn__471.invoke (form-init5299198040654132120.clj:1)
    user$eval377$fn__440$fn__441.invoke (form-init5299198040654132120.clj:1)
    user$eval377$fn__440.invoke (form-init5299198040654132120.clj:1)
    user$eval377.invokeStatic (form-init5299198040654132120.clj:1)
    user$eval377.invoke (form-init5299198040654132120.clj:1)
    clojure.lang.Compiler.eval (Compiler.java:6927)
    clojure.lang.Compiler.eval (Compiler.java:6917)
    clojure.lang.Compiler.load (Compiler.java:7379)
    clojure.lang.Compiler.loadFile (Compiler.java:7317)
    clojure.main$load_script.invokeStatic (main.clj:275)
    clojure.main$init_opt.invokeStatic (main.clj:277)
    clojure.main$init_opt.invoke (main.clj:277)
    clojure.main$initialize.invokeStatic (main.clj:308)
    clojure.main$null_opt.invokeStatic (main.clj:342)
    clojure.main$null_opt.invoke (main.clj:339)
    clojure.main$main.invokeStatic (main.clj:421)
    clojure.main$main.doInvoke (main.clj:384)
    clojure.lang.RestFn.invoke (RestFn.java:421)
    clojure.lang.Var.invoke (Var.java:383)
    clojure.lang.AFn.applyToHelper (AFn.java:156)
    clojure.lang.Var.applyTo (Var.java:700)
    clojure.main.main (main.java:37)
Caused by: clojure.lang.ArityException: Wrong number of args (4) passed to: core/apply-junit-output-hook/fn--253/fn--254
 at clojure.lang.AFn.throwArity (AFn.java:429)
    clojure.lang.AFn.invoke (AFn.java:44)
    test2junit.core.proxy$java.io.StringWriter$ff19274a.write (:-1)
    java.io.PrintWriter.write (PrintWriter.java:456)
    java.io.PrintWriter.write (PrintWriter.java:473)
    java.io.PrintWriter.append (PrintWriter.java:1004)
    java.io.PrintWriter.append (PrintWriter.java:56)
    java.util.Formatter$FixedString.print (Formatter.java:2595)
    java.util.Formatter.format (Formatter.java:2508)
    java.io.PrintWriter.format (PrintWriter.java:905)
    clojure.lang.Compiler$InstanceMethodExpr.&lt;init&gt; (Compiler.java:1507)
    clojure.lang.Compiler$HostExpr$Parser.parse (Compiler.java:1013)
    clojure.lang.Compiler.analyzeSeq (Compiler.java:6868)
    clojure.lang.Compiler.analyze (Compiler.java:6669)
    clojure.lang.Compiler.analyzeSeq (Compiler.java:6856)
    clojure.lang.Compiler.analyze (Compiler.java:6669)
    clojure.lang.Compiler.analyze (Compiler.java:6625)
    clojure.lang.Compiler$HostExpr$Parser.parse (Compiler.java:1009)
    clojure.lang.Compiler.analyzeSeq (Compiler.java:6868)
    clojure.lang.Compiler.analyze (Compiler.java:6669)
    clojure.lang.Compiler.analyze (Compiler.java:6625)
    clojure.lang.Compiler.analyzeSeq (Compiler.java:6863)
    clojure.lang.Compiler.analyze (Compiler.java:6669)
    clojure.lang.Compiler.analyze (Compiler.java:6625)
    clojure.lang.Compiler$HostExpr$Parser.parse (Compiler.java:1009)
    clojure.lang.Compiler.analyzeSeq (Compiler.java:6868)
    clojure.lang.Compiler.analyze (Compiler.java:6669)
    clojure.lang.Compiler.analyzeSeq (Compiler.java:6856)
    clojure.lang.Compiler.analyze (Compiler.java:6669)
    clojure.lang.Compiler.analyze (Compiler.java:6625)
    clojure.lang.Compiler$BodyExpr$Parser.parse (Compiler.java:6001)
    clojure.lang.Compiler$FnMethod.parse (Compiler.java:5380)
    clojure.lang.Compiler$FnExpr.parse (Compiler.java:3972)
    clojure.lang.Compiler.analyzeSeq (Compiler.java:6866)
    clojure.lang.Compiler.analyze (Compiler.java:6669)
    clojure.lang.Compiler.analyze (Compiler.java:6625)
    clojure.lang.Compiler$BodyExpr$Parser.parse (Compiler.java:6001)
    clojure.lang.Compiler$FnMethod.parse (Compiler.java:5380)
    clojure.lang.Compiler$FnExpr.parse (Compiler.java:3972)
    clojure.lang.Compiler.analyzeSeq (Compiler.java:6866)
    clojure.lang.Compiler.analyze (Compiler.java:6669)
    clojure.lang.Compiler.eval (Compiler.java:6924)
    clojure.lang.Compiler.eval (Compiler.java:6890)
    clojure.core$eval.invokeStatic (core.clj:3105)
    clojure.core$eval.invoke (core.clj:3101)
    clojure.core$map$fn__4785.invoke (core.clj:2644)
    clojure.lang.LazySeq.sval (LazySeq.java:40)
    clojure.lang.LazySeq.seq (LazySeq.java:49)
    clojure.lang.RT.seq (RT.java:521)
    clojure.lang.LazilyPersistentVector.create (LazilyPersistentVector.java:44)
    clojure.core$vec.invokeStatic (core.clj:377)
    clojure.core$vec.invoke (core.clj:367)
    dsbdp.processing_fn_utils$create_proc_fn_vec_from_template.invokeStatic (processing_fn_utils.clj:30)
    dsbdp.processing_fn_utils$create_proc_fn_vec_from_template.invoke (processing_fn_utils.clj:17)
    dsbdp.experiment_helper$create_hashmap_inc_put_proc_fns.invokeStatic (experiment_helper.clj:90)
    dsbdp.experiment_helper$create_hashmap_inc_put_proc_fns.invoke (experiment_helper.clj:85)
    dsbdp.test.experiment_helper_tests$fn__1096.invokeStatic (experiment_helper_tests.clj:36)
    dsbdp.test.experiment_helper_tests/fn (experiment_helper_tests.clj:35)
    clojure.test$test_var$fn__7983.invoke (test.clj:716)
    clojure.test$test_var.invokeStatic (test.clj:716)
    clojure.test$test_var.invoke (test.clj:707)
    clojure.test$test_vars$fn__8005$fn__8010.invoke (test.clj:734)
    clojure.test$default_fixture.invokeStatic (test.clj:686)
    clojure.test$default_fixture.invoke (test.clj:682)
    clojure.test$test_vars$fn__8005.invoke (test.clj:734)
    clojure.test$default_fixture.invokeStatic (test.clj:686)
    clojure.test$default_fixture.invoke (test.clj:682)
    clojure.test$test_vars.invokeStatic (test.clj:730)
    clojure.test$test_all_vars.invokeStatic (test.clj:736)
    clojure.test$test_ns.invokeStatic (test.clj:757)
    clojure.test$test_ns.invoke (test.clj:742)
    clojure.lang.AFn.applyToHelper (AFn.java:154)
    clojure.lang.AFn.applyTo (AFn.java:144)
    clojure.core$apply.invokeStatic (core.clj:646)
    clojure.core$apply.invoke (core.clj:641)
    test2junit.core$apply_junit_output_hook$fn__253$fn__264$fn__275$fn__276.invoke (core.clj:53)
    test2junit.core$apply_junit_output_hook$fn__253$fn__264$fn__275.invoke (core.clj:52)
    test2junit.core$apply_junit_output_hook$fn__253$fn__264.invoke (core.clj:51)
    test2junit.core$apply_junit_output_hook$fn__253.doInvoke (core.clj:51)
    clojure.lang.RestFn.applyTo (RestFn.java:139)
    clojure.core$apply.invokeStatic (core.clj:648)
    clojure.core$apply.invoke (core.clj:641)
    robert.hooke$compose_hooks$fn__31.doInvoke (hooke.clj:40)
    clojure.lang.RestFn.applyTo (RestFn.java:137)
    clojure.core$apply.invokeStatic (core.clj:646)
    clojure.core$apply.invoke (core.clj:641)
    robert.hooke$run_hooks.invokeStatic (hooke.clj:46)
    robert.hooke$run_hooks.invoke (hooke.clj:45)
    robert.hooke$prepare_for_hooks$fn__36$fn__37.doInvoke (hooke.clj:54)
    clojure.lang.RestFn.applyTo (RestFn.java:137)
    clojure.lang.AFunction$1.doInvoke (AFunction.java:29)
    clojure.lang.RestFn.invoke (RestFn.java:408)
    user$eval377$fn__428.invoke (form-init5299198040654132120.clj:1)
    clojure.lang.AFn.applyToHelper (AFn.java:156)
    clojure.lang.AFn.applyTo (AFn.java:144)
    clojure.core$apply.invokeStatic (core.clj:648)
    clojure.core$apply.invoke (core.clj:641)
    leiningen.core.injected$compose_hooks$fn__311.doInvoke (form-init5299198040654132120.clj:1)
    clojure.lang.RestFn.applyTo (RestFn.java:137)
    clojure.core$apply.invokeStatic (core.clj:646)
    clojure.core$apply.invoke (core.clj:641)
    leiningen.core.injected$run_hooks.invokeStatic (form-init5299198040654132120.clj:1)
    leiningen.core.injected$run_hooks.invoke (form-init5299198040654132120.clj:1)
    leiningen.core.injected$prepare_for_hooks$fn__316$fn__317.doInvoke (form-init5299198040654132120.clj:1)
    clojure.lang.RestFn.applyTo (RestFn.java:137)
    clojure.lang.AFunction$1.doInvoke (AFunction.java:29)
    clojure.lang.RestFn.invoke (RestFn.java:408)
    clojure.core$map$fn__4785.invoke (core.clj:2646)
    clojure.lang.LazySeq.sval (LazySeq.java:40)
    clojure.lang.LazySeq.seq (LazySeq.java:49)
    clojure.lang.Cons.next (Cons.java:39)
    clojure.lang.RT.next (RT.java:688)
    clojure.core$next__4341.invokeStatic (core.clj:64)
    clojure.core$reduce1.invokeStatic (core.clj:925)
    clojure.core$reduce1.invokeStatic (core.clj:915)
    clojure.core$merge_with.invokeStatic (core.clj:2950)
    clojure.core$merge_with.doInvoke (core.clj:2942)
    clojure.lang.RestFn.applyTo (RestFn.java:139)
    clojure.core$apply.invokeStatic (core.clj:648)
    clojure.test$run_tests.invokeStatic (test.clj:767)
    clojure.test$run_tests.doInvoke (test.clj:767)
    clojure.lang.RestFn.applyTo (RestFn.java:137)
    clojure.core$apply.invokeStatic (core.clj:646)
    clojure.core$apply.invoke (core.clj:641)
    user$eval377$fn__440$fn__471.invoke (form-init5299198040654132120.clj:1)
    user$eval377$fn__440$fn__441.invoke (form-init5299198040654132120.clj:1)
    user$eval377$fn__440.invoke (form-init5299198040654132120.clj:1)
    user$eval377.invokeStatic (form-init5299198040654132120.clj:1)
    user$eval377.invoke (form-init5299198040654132120.clj:1)
    clojure.lang.Compiler.eval (Compiler.java:6927)
    clojure.lang.Compiler.eval (Compiler.java:6917)
    clojure.lang.Compiler.load (Compiler.java:7379)
    clojure.lang.Compiler.loadFile (Compiler.java:7317)
    clojure.main$load_script.invokeStatic (main.clj:275)
    clojure.main$init_opt.invokeStatic (main.clj:277)
    clojure.main$init_opt.invoke (main.clj:277)
    clojure.main$initialize.invokeStatic (main.clj:308)
    clojure.main$null_opt.invokeStatic (main.clj:342)
    clojure.main$null_opt.invoke (main.clj:339)
    clojure.main$main.invokeStatic (main.clj:421)
    clojure.main$main.doInvoke (main.clj:384)
    clojure.lang.RestFn.invoke (RestFn.java:421)
    clojure.lang.Var.invoke (Var.java:383)
    clojure.lang.AFn.applyToHelper (AFn.java:156)
    clojure.lang.Var.applyTo (Var.java:700)
    clojure.main.main (main.java:37)

      at: test.clj:716</error>

        </testcase>

        <testcase classname="dsbdp.test.experiment-helper-tests" name="create-factorial-proc-fns-test" time="0.0165">
    </testcase>

        <testcase classname="dsbdp.test.experiment-helper-tests" name="busy-sleep-test-2" time="0.0017">
    </testcase>

        <testcase classname="dsbdp.test.experiment-helper-tests" name="busy-sleep-test-1" time="0.0008">
    </testcase>

        <testcase classname="dsbdp.test.experiment-helper-tests" name="create-no-op-proc-fns-test" time="0.0168">
    </testcase>

        <testcase classname="dsbdp.test.experiment-helper-tests" name="factorial-test" time="0.0019">
    </testcase>

        <testcase classname="dsbdp.test.experiment-helper-tests" name="create-inc-proc-fns-test" time="0.0141">
    </testcase>

        <testcase classname="dsbdp.test.experiment-helper-tests" name="busy-sleep-proc-fns-test-1" time="0.0250">
    </testcase>

        <system-err>
    </system-err>

        <system-out>
proc-fns-full:32[(fn [i _] (doto (java.util.HashMap.) (.put (str 0) (inc i)))) (fn [_ o-meta] (.put o-meta (str 1) (inc (.get o-meta (str (dec 1)))))) (fn [_ o-meta] (.put o-meta (str 2) (inc (.get o-meta (str (dec 2)))))) (fn [_ o-meta] (.put o-meta (str 3) (inc (.get o-meta (str (dec 3))))))]
proc-fns-short:32[(fn [i _] (doto (java.util.HashMap.) (.put (str 0) (inc i)))) (fn [_ o-meta] (.put o-meta (str 1) (inc (.get o-meta (str (dec 1)))))) (fn [_ o-meta] (.put o-meta (str 2) (inc (.get o-meta (str (dec 2)))))) (fn [_ o-meta] (.put o-meta (str 3) (inc (.get o-meta (str (dec 3))))))]
proc-fns-pretty:
32[(fn [i _] (doto (java.util.HashMap.) (.put (str 0) (inc i))))
 (fn
  [_ o-meta]
  (.put o-meta (str 1) (inc (.get o-meta (str (dec 1))))))
 (fn
  [_ o-meta]
  (.put o-meta (str 2) (inc (.get o-meta (str (dec 2))))))
 (fn
  [_ o-meta]
  (.put o-meta (str 3) (inc (.get o-meta (str (dec 3))))))]

proc-fns-full:32[(fn [i _] (dsbdp.experiment-helper/factorial i)) (fn [i _] (dsbdp.experiment-helper/factorial i)) (fn [i _] (dsbdp.experiment-helper/factorial i)) (fn [i _] (dsbdp.experiment-helper/factorial i))]
proc-fns-short:32[(fn [i _] (factorial i)) (fn [i _] (factorial i)) (fn [i _] (factorial i)) (fn [i _] (factorial i))]
proc-fns-pretty:
32[(fn [i _] (factorial i))
 (fn [i _] (factorial i))
 (fn [i _] (factorial i))
 (fn [i _] (factorial i))]

proc-fns-full:32[(fn [_ _] 0) (fn [_ _] 1) (fn [_ _] 1) (fn [_ _] 1)]
proc-fns-short:32[(fn [_ _] 0) (fn [_ _] 1) (fn [_ _] 1) (fn [_ _] 1)]
proc-fns-pretty:
32[(fn [_ _] 0) (fn [_ _] 1) (fn [_ _] 1) (fn [_ _] 1)]

proc-fns-full:32[(fn [i _] (inc i)) (fn [_ o] (inc o)) (fn [_ o] (inc o)) (fn [_ o] (inc o))]
proc-fns-short:32[(fn [i _] (inc i)) (fn [_ o] (inc o)) (fn [_ o] (inc o)) (fn [_ o] (inc o))]
proc-fns-pretty:
32[(fn [i _] (inc i))
 (fn [_ o] (inc o))
 (fn [_ o] (inc o))
 (fn [_ o] (inc o))]

proc-fns-full:32[(fn [i _] (dsbdp.ExperimentHelper/busySleep (i 0)) 0) (fn [i _] (dsbdp.ExperimentHelper/busySleep (i 1)) 0) (fn [i _] (dsbdp.ExperimentHelper/busySleep (i 2)) 0) (fn [i _] (dsbdp.ExperimentHelper/busySleep (i 3)) 0)]
proc-fns-short:32[(fn [i _] (busySleep (i 0)) 0) (fn [i _] (busySleep (i 1)) 0) (fn [i _] (busySleep (i 2)) 0) (fn [i _] (busySleep (i 3)) 0)]
proc-fns-pretty:
32[(fn [i _] (busySleep (i 0)) 0)
 (fn [i _] (busySleep (i 1)) 0)
 (fn [i _] (busySleep (i 2)) 0)
 (fn [i _] (busySleep (i 3)) 0)]

    </system-out>

        <properties>
[...]
</properties>

  </testsuite>
  <testsuite errors="0" failures="0" id="6" name="latency-measurement-tests" package="dsbdp.test" tests="2" time="0.0061" timestamp="2017-10-02_20:52:50+0200">
        <testcase classname="dsbdp.test.latency-measurement-tests" name="simple-latency-probe-test" time="0.0010">
    </testcase>

        <testcase classname="dsbdp.test.latency-measurement-tests" name="simpla-latency-probe-collector-test" time="0.0030">
    </testcase>

        <system-err>
    </system-err>

        <system-out>
    </system-out>

        <properties>
[...]
</properties>

  </testsuite>
  <testsuite errors="0" failures="0" id="7" name="local-data-processing-pipeline-tests" package="dsbdp.test" tests="19" time="0.4907" timestamp="2017-10-02_20:52:50+0200">
        <testcase classname="dsbdp.test.local-data-processing-pipeline-tests" name="simple-pipeline-set-proc-fns-vec-test" time="0.0109">
    </testcase>

        <testcase classname="dsbdp.test.local-data-processing-pipeline-tests" name="local-transfer-container-set-out-test" time="0.0007">
    </testcase>

        <testcase classname="dsbdp.test.local-data-processing-pipeline-tests" name="get-pipeline-counts-test" time="0.0046">
    </testcase>

        <testcase classname="dsbdp.test.local-data-processing-pipeline-tests" name="simple-pipeline-increase-length-by-n-test" time="0.0073">
    </testcase>

        <testcase classname="dsbdp.test.local-data-processing-pipeline-tests" name="simple-pipeline-decrease-length-by-n-test" time="0.0046">
    </testcase>

        <testcase classname="dsbdp.test.local-data-processing-pipeline-tests" name="simple-local-processing-element-output-test" time="0.0029">
    </testcase>

        <testcase classname="dsbdp.test.local-data-processing-pipeline-tests" name="create-local-processing-element-no-id-test" time="0.0013">
    </testcase>

        <testcase classname="dsbdp.test.local-data-processing-pipeline-tests" name="create-local-processing-element-test" time="0.0012">
    </testcase>

        <testcase classname="dsbdp.test.local-data-processing-pipeline-tests" name="simple-documentation-example-test-1" time="0.0031">
    </testcase>

        <testcase classname="dsbdp.test.local-data-processing-pipeline-tests" name="create-local-processing-element-id-test" time="0.0015">
    </testcase>

        <testcase classname="dsbdp.test.local-data-processing-pipeline-tests" name="simple-pipeline-decrease-length-by-1-test" time="0.0050">
    </testcase>

        <testcase classname="dsbdp.test.local-data-processing-pipeline-tests" name="simple-local-processing-element-chaining-test" time="0.0031">
    </testcase>

        <testcase classname="dsbdp.test.local-data-processing-pipeline-tests" name="simple-pipeline-increase-length-by-1-test" time="0.0068">
    </testcase>

        <testcase classname="dsbdp.test.local-data-processing-pipeline-tests" name="simple-local-processing-element-change-proc-fn-test" time="0.3130">
    </testcase>

        <testcase classname="dsbdp.test.local-data-processing-pipeline-tests" name="simple-local-processing-element-in-args-test" time="0.0046">
    </testcase>

        <testcase classname="dsbdp.test.local-data-processing-pipeline-tests" name="simple-three-staged-local-pipeline-send-test" time="0.0033">
    </testcase>

        <testcase classname="dsbdp.test.local-data-processing-pipeline-tests" name="simple-local-pipeline-send-test" time="0.0021">
    </testcase>

        <testcase classname="dsbdp.test.local-data-processing-pipeline-tests" name="simple-local-processing-element-counter-drop-test" time="0.1038">
    </testcase>

        <testcase classname="dsbdp.test.local-data-processing-pipeline-tests" name="local-transfer-container-constructor-test" time="0.0009">
    </testcase>

        <system-err>
    </system-err>

        <system-out>
    </system-out>

        <properties>
[...]
</properties>

  </testsuite>
  <testsuite errors="0" failures="0" id="8" name="local-dpp-self-adaptivity-tests" package="dsbdp.test" tests="29" time="0.1934" timestamp="2017-10-02_20:52:50+0200">
        <testcase classname="dsbdp.test.local-dpp-self-adaptivity-tests" name="detect-repeated-drop-test-2" time="0.0084">
    </testcase>

        <testcase classname="dsbdp.test.local-dpp-self-adaptivity-tests" name="update-fns-mapping-for-four-staged-pipeline-test-1" time="0.0040">
    </testcase>

        <testcase classname="dsbdp.test.local-dpp-self-adaptivity-tests" name="update-fns-mapping-for-three-staged-pipeline-test-1" time="0.0005">
    </testcase>

        <testcase classname="dsbdp.test.local-dpp-self-adaptivity-tests" name="moving-average-calculator-test-2" time="0.0019">
    </testcase>

        <testcase classname="dsbdp.test.local-dpp-self-adaptivity-tests" name="update-fns-mapping-for-four-staged-pipeline-test-5" time="0.0015">
    </testcase>

        <testcase classname="dsbdp.test.local-dpp-self-adaptivity-tests" name="get-drop-indices-test-1" time="0.0004">
    </testcase>

        <testcase classname="dsbdp.test.local-dpp-self-adaptivity-tests" name="self-adaptivity-controller-test-1" time="0.0670">
    </testcase>

        <testcase classname="dsbdp.test.local-dpp-self-adaptivity-tests" name="get-non-drop-indices-test-1" time="0.0003">
    </testcase>

        <testcase classname="dsbdp.test.local-dpp-self-adaptivity-tests" name="simple-repetition-detection-test-1" time="0.0017">
    </testcase>

        <testcase classname="dsbdp.test.local-dpp-self-adaptivity-tests" name="update-fns-mapping-for-three-staged-pipeline-test-2" time="0.0012">
    </testcase>

        <testcase classname="dsbdp.test.local-dpp-self-adaptivity-tests" name="simple-repetition-detection-test-2" time="0.0031">
    </testcase>

        <testcase classname="dsbdp.test.local-dpp-self-adaptivity-tests" name="moving-average-calculator-test-3" time="0.0006">
    </testcase>

        <testcase classname="dsbdp.test.local-dpp-self-adaptivity-tests" name="update-fns-mapping-for-four-staged-pipeline-test-4" time="0.0004">
    </testcase>

        <testcase classname="dsbdp.test.local-dpp-self-adaptivity-tests" name="update-fns-mapping-for-four-staged-pipeline-test-2" time="0.0005">
    </testcase>

        <testcase classname="dsbdp.test.local-dpp-self-adaptivity-tests" name="update-fns-mapping-for-three-staged-pipeline-test-5" time="0.0015">
    </testcase>

        <testcase classname="dsbdp.test.local-dpp-self-adaptivity-tests" name="stat-delta-test-2" time="0.0014">
    </testcase>

        <testcase classname="dsbdp.test.local-dpp-self-adaptivity-tests" name="moving-average-calculator-test-1" time="0.0015">
    </testcase>

        <testcase classname="dsbdp.test.local-dpp-self-adaptivity-tests" name="stat-delta-test-1" time="0.0011">
    </testcase>

        <testcase classname="dsbdp.test.local-dpp-self-adaptivity-tests" name="detect-repeated-drop-test-1" time="0.0014">
    </testcase>

        <testcase classname="dsbdp.test.local-dpp-self-adaptivity-tests" name="update-fns-mapping-for-three-staged-pipeline-test-3" time="0.0004">
    </testcase>

        <testcase classname="dsbdp.test.local-dpp-self-adaptivity-tests" name="get-drop-indices-test-2" time="0.0002">
    </testcase>

        <testcase classname="dsbdp.test.local-dpp-self-adaptivity-tests" name="update-fns-mapping-for-four-staged-pipeline-test-6" time="0.0019">
    </testcase>

        <testcase classname="dsbdp.test.local-dpp-self-adaptivity-tests" name="get-drop-indices-test-3" time="0.0004">
    </testcase>

        <testcase classname="dsbdp.test.local-dpp-self-adaptivity-tests" name="update-fns-mapping-for-three-staged-pipeline-test-4" time="0.0005">
    </testcase>

        <testcase classname="dsbdp.test.local-dpp-self-adaptivity-tests" name="self-adaptivity-controller-test-2" time="0.0405">
    </testcase>

        <testcase classname="dsbdp.test.local-dpp-self-adaptivity-tests" name="get-non-drop-indices-test-2" time="0.0002">
    </testcase>

        <testcase classname="dsbdp.test.local-dpp-self-adaptivity-tests" name="get-non-drop-indices-test-3" time="0.0002">
    </testcase>

        <testcase classname="dsbdp.test.local-dpp-self-adaptivity-tests" name="self-adaptivity-controller-test-3" time="0.0387">
    </testcase>

        <testcase classname="dsbdp.test.local-dpp-self-adaptivity-tests" name="update-fns-mapping-for-four-staged-pipeline-test-3" time="0.0004">
    </testcase>

        <system-err>
    </system-err>

        <system-out>
proc-fns-full:32[(fn [_ _] 0) (fn [_ _] 1) (fn [_ _] 1) (fn [_ _] 1) (fn [_ _] 1) (fn [_ _] 1) (fn [_ _] 1) (fn [_ _] 1) (fn [_ _] 1) (fn [_ _] 1) (fn [_ _] 1) (fn [_ _] 1) (fn [_ _] 1) (fn [_ _] 1) (fn [_ _] 1)]
proc-fns-short:32[(fn [_ _] 0) (fn [_ _] 1) (fn [_ _] 1) (fn [_ _] 1) (fn [_ _] 1) (fn [_ _] 1) (fn [_ _] 1) (fn [_ _] 1) (fn [_ _] 1) (fn [_ _] 1) (fn [_ _] 1) (fn [_ _] 1) (fn [_ _] 1) (fn [_ _] 1) (fn [_ _] 1)]
proc-fns-pretty:
32[(fn [_ _] 0)
 (fn [_ _] 1)
 (fn [_ _] 1)
 (fn [_ _] 1)
 (fn [_ _] 1)
 (fn [_ _] 1)
 (fn [_ _] 1)
 (fn [_ _] 1)
 (fn [_ _] 1)
 (fn [_ _] 1)
 (fn [_ _] 1)
 (fn [_ _] 1)
 (fn [_ _] 1)
 (fn [_ _] 1)
 (fn [_ _] 1)]

Mapping changed from32[5 5 5]32to32[5 6 4]
Mapping changed from32[5 6 4]32to32[6 5 4]
proc-fns-full:32[(fn [_ _] 0) (fn [_ _] 1) (fn [_ _] 1) (fn [_ _] 1) (fn [_ _] 1) (fn [_ _] 1) (fn [_ _] 1) (fn [_ _] 1) (fn [_ _] 1) (fn [_ _] 1) (fn [_ _] 1) (fn [_ _] 1) (fn [_ _] 1) (fn [_ _] 1) (fn [_ _] 1)]
proc-fns-short:32[(fn [_ _] 0) (fn [_ _] 1) (fn [_ _] 1) (fn [_ _] 1) (fn [_ _] 1) (fn [_ _] 1) (fn [_ _] 1) (fn [_ _] 1) (fn [_ _] 1) (fn [_ _] 1) (fn [_ _] 1) (fn [_ _] 1) (fn [_ _] 1) (fn [_ _] 1) (fn [_ _] 1)]
proc-fns-pretty:
32[(fn [_ _] 0)
 (fn [_ _] 1)
 (fn [_ _] 1)
 (fn [_ _] 1)
 (fn [_ _] 1)
 (fn [_ _] 1)
 (fn [_ _] 1)
 (fn [_ _] 1)
 (fn [_ _] 1)
 (fn [_ _] 1)
 (fn [_ _] 1)
 (fn [_ _] 1)
 (fn [_ _] 1)
 (fn [_ _] 1)
 (fn [_ _] 1)]

Mapping changed from32[5 5 5]32to32[5 6 4]
Mapping changed from32[5 6 4]32to32[6 5 4]
proc-fns-full:32[(fn [_ _] 0) (fn [_ _] 1) (fn [_ _] 1) (fn [_ _] 1) (fn [_ _] 1) (fn [_ _] 1) (fn [_ _] 1) (fn [_ _] 1) (fn [_ _] 1) (fn [_ _] 1) (fn [_ _] 1) (fn [_ _] 1) (fn [_ _] 1) (fn [_ _] 1) (fn [_ _] 1)]
proc-fns-short:32[(fn [_ _] 0) (fn [_ _] 1) (fn [_ _] 1) (fn [_ _] 1) (fn [_ _] 1) (fn [_ _] 1) (fn [_ _] 1) (fn [_ _] 1) (fn [_ _] 1) (fn [_ _] 1) (fn [_ _] 1) (fn [_ _] 1) (fn [_ _] 1) (fn [_ _] 1) (fn [_ _] 1)]
proc-fns-pretty:
32[(fn [_ _] 0)
 (fn [_ _] 1)
 (fn [_ _] 1)
 (fn [_ _] 1)
 (fn [_ _] 1)
 (fn [_ _] 1)
 (fn [_ _] 1)
 (fn [_ _] 1)
 (fn [_ _] 1)
 (fn [_ _] 1)
 (fn [_ _] 1)
 (fn [_ _] 1)
 (fn [_ _] 1)
 (fn [_ _] 1)
 (fn [_ _] 1)]

Mapping changed from32[5 5 5]32to32[5 6 4]
    </system-out>

        <properties>
[...]
</properties>

  </testsuite>
  <testsuite errors="0" failures="0" id="9" name="parallel-processing-tests" package="dsbdp.test" tests="2" time="0.0195" timestamp="2017-10-02_20:52:50+0200">
        <testcase classname="dsbdp.test.parallel-processing-tests" name="simple-reducers-map-processor-test" time="0.0105">
    </testcase>

        <testcase classname="dsbdp.test.parallel-processing-tests" name="simple-pmap-processor-test" time="0.0078">
    </testcase>

        <system-err>
    </system-err>

        <system-out>
    </system-out>

        <properties>
[...]
</properties>

  </testsuite>
  <testsuite errors="0" failures="0" id="10" name="processing-fn-utils-tests" package="dsbdp.test" tests="14" time="0.1189" timestamp="2017-10-02_20:52:51+0200">
        <testcase classname="dsbdp.test.processing-fn-utils-tests" name="simple-create-proc-fn-vec-from-template-test" time="0.0135">
    </testcase>

        <testcase classname="dsbdp.test.processing-fn-utils-tests" name="create-proc-fn-vec-from-template-with-ret-val-test" time="0.0139">
    </testcase>

        <testcase classname="dsbdp.test.processing-fn-utils-tests" name="calculate-distribution-mapping-8-to-4-test" time="0.0008">
    </testcase>

        <testcase classname="dsbdp.test.processing-fn-utils-tests" name="calculate-distribution-mapping-12-to-4-skewed-test-2" time="0.0003">
    </testcase>

        <testcase classname="dsbdp.test.processing-fn-utils-tests" name="calculate-distribution-mapping-12-to-4-skewed-test-1" time="0.0003">
    </testcase>

        <testcase classname="dsbdp.test.processing-fn-utils-tests" name="simple-combine-proc-fns-nth-test" time="0.0243">
    </testcase>

        <testcase classname="dsbdp.test.processing-fn-utils-tests" name="create-proc-fn-vec-from-template-with-index-test" time="0.0105">
    </testcase>

        <testcase classname="dsbdp.test.processing-fn-utils-tests" name="simple-combine-proc-fns-vec-test" time="0.0234">
    </testcase>

        <testcase classname="dsbdp.test.processing-fn-utils-tests" name="calculate-distribution-mapping-4-to-4-test" time="0.0004">
    </testcase>

        <testcase classname="dsbdp.test.processing-fn-utils-tests" name="calculate-distribution-mapping-15-to-4-skewed-fill-end-test" time="0.0003">
    </testcase>

        <testcase classname="dsbdp.test.processing-fn-utils-tests" name="calculate-distribution-mapping-6-to-4-skewed-test" time="0.0004">
    </testcase>

        <testcase classname="dsbdp.test.processing-fn-utils-tests" name="simple-combine-proc-fns-1st-test" time="0.0250">
    </testcase>

        <testcase classname="dsbdp.test.processing-fn-utils-tests" name="calculate-distribution-mapping-15-to-4-skewed-test" time="0.0005">
    </testcase>

        <testcase classname="dsbdp.test.processing-fn-utils-tests" name="calculate-distribution-mapping-6-to-4-uniform-test" time="0.0004">
    </testcase>

        <system-err>
    </system-err>

        <system-out>
proc-fns-full:32[(fn [_ _] 1) (fn [_ _] n) (fn [_ _] n) (fn [_ _] n)]
proc-fns-short:32[(fn [_ _] &quot;1&quot;) (fn [_ _] &quot;n&quot;) (fn [_ _] &quot;n&quot;) (fn [_ _] &quot;n&quot;)]
proc-fns-pretty:
32[(fn [_ _] &quot;1&quot;) (fn [_ _] &quot;n&quot;) (fn [_ _] &quot;n&quot;) (fn [_ _] &quot;n&quot;)]

proc-fns-full:32[(fn [i _] (inc i)) (fn [_ o] (inc o)) (fn [_ o] (inc o)) (fn [_ o] (inc o))]
proc-fns-short:32[(fn [i _] (inc i)) (fn [_ o] (inc o)) (fn [_ o] (inc o)) (fn [_ o] (inc o))]
proc-fns-pretty:
32[(fn [i _] (inc i))
 (fn [_ o] (inc o))
 (fn [_ o] (inc o))
 (fn [_ o] (inc o))]

proc-fns-full:32[(fn [i _] (+ i 0 1)) (fn [_ o] (+ o 1 1)) (fn [_ o] (+ o 2 1)) (fn [_ o] (+ o 3 1)) (fn [_ o] (+ o 4 1)) (fn [_ o] (+ o 5 1))]
proc-fns-short:32[(fn [i _] (+ i 0 1)) (fn [_ o] (+ o 1 1)) (fn [_ o] (+ o 2 1)) (fn [_ o] (+ o 3 1)) (fn [_ o] (+ o 4 1)) (fn [_ o] (+ o 5 1))]
proc-fns-pretty:
32[(fn [i _] (+ i 0 1))
 (fn [_ o] (+ o 1 1))
 (fn [_ o] (+ o 2 1))
 (fn [_ o] (+ o 3 1))
 (fn [_ o] (+ o 4 1))
 (fn [_ o] (+ o 5 1))]

proc-fns-full:32[(fn [_ _] 0) (fn [_ _] 1) (fn [_ _] 2) (fn [_ _] 3)]
proc-fns-short:32[(fn [_ _] 0) (fn [_ _] 1) (fn [_ _] 2) (fn [_ _] 3)]
proc-fns-pretty:
32[(fn [_ _] 0) (fn [_ _] 1) (fn [_ _] 2) (fn [_ _] 3)]

proc-fns-full:32[(fn [i _] (+ i 0 1)) (fn [_ o] (+ o 1 1)) (fn [_ o] (+ o 2 1)) (fn [_ o] (+ o 3 1)) (fn [_ o] (+ o 4 1)) (fn [_ o] (+ o 5 1))]
proc-fns-short:32[(fn [i _] (+ i 0 1)) (fn [_ o] (+ o 1 1)) (fn [_ o] (+ o 2 1)) (fn [_ o] (+ o 3 1)) (fn [_ o] (+ o 4 1)) (fn [_ o] (+ o 5 1))]
proc-fns-pretty:
32[(fn [i _] (+ i 0 1))
 (fn [_ o] (+ o 1 1))
 (fn [_ o] (+ o 2 1))
 (fn [_ o] (+ o 3 1))
 (fn [_ o] (+ o 4 1))
 (fn [_ o] (+ o 5 1))]

proc-fns-full:32[(fn [i _] (+ i 0 1)) (fn [_ o] (+ o 1 1)) (fn [_ o] (+ o 2 1)) (fn [_ o] (+ o 3 1)) (fn [_ o] (+ o 4 1)) (fn [_ o] (+ o 5 1))]
proc-fns-short:32[(fn [i _] (+ i 0 1)) (fn [_ o] (+ o 1 1)) (fn [_ o] (+ o 2 1)) (fn [_ o] (+ o 3 1)) (fn [_ o] (+ o 4 1)) (fn [_ o] (+ o 5 1))]
proc-fns-pretty:
32[(fn [i _] (+ i 0 1))
 (fn [_ o] (+ o 1 1))
 (fn [_ o] (+ o 2 1))
 (fn [_ o] (+ o 3 1))
 (fn [_ o] (+ o 4 1))
 (fn [_ o] (+ o 5 1))]

    </system-out>

        <properties>
[...]
</properties>

  </testsuite>
  <testsuite errors="0" failures="0" id="11" name="processing-loop-tests" package="dsbdp.test" tests="2" time="0.1096" timestamp="2017-10-02_20:52:51+0200">
        <testcase classname="dsbdp.test.processing-loop-tests" name="simple-processing-loop-interrupt-test" time="0.1027">
    </testcase>

        <testcase classname="dsbdp.test.processing-loop-tests" name="simple-processing-loop-test" time="0.0042">
    </testcase>

        <system-err>
    </system-err>

        <system-out>
    </system-out>

        <properties>
[...]
</properties>

  </testsuite>
</testsuites>
